This is e-pTeX, Version 3.14159265-p3.8.2-190131-2.6 (utf8.euc) (TeX Live 2019) (preloaded format=platex 2019.7.30)  14 AUG 2019 12:52
entering extended mode
 restricted \write18 enabled.
 %&-line parsing enabled.
**/Users/naoto/ut/3S/iwasaki/3s-iwasaki-kadai2/Kadai2-05-195512-Yamaguchi-Naoto/report/a
(/Users/naoto/ut/3S/iwasaki/3s-iwasaki-kadai2/Kadai2-05-195512-Yamaguchi-Naoto/report/a.tex
pLaTeX2e <2019-04-06> (based on LaTeX2e <2018-12-01>)
(/usr/local/texlive/2019/texmf-dist/tex/platex/base/jreport.cls
Document Class: jreport 2019/04/02 v1.8b Standard pLaTeX class
\c@@paper=\count83
(/usr/local/texlive/2019/texmf-dist/tex/platex/base/jsize12.clo
File: jsize12.clo 2019/04/02 v1.8b Standard pLaTeX file (size option)
)
\c@part=\count84
\c@chapter=\count85
\c@section=\count86
\c@subsection=\count87
\c@subsubsection=\count88
\c@paragraph=\count89
\c@subparagraph=\count90
\c@figure=\count91
\c@table=\count92
\abovecaptionskip=\skip41
\belowcaptionskip=\skip42
\symmincho=\mathgroup4
LaTeX Font Info:    Overwriting symbol font `mincho' in version `bold'
(Font)                  JY1/mc/m/n --> JY1/gt/m/n on input line 703.
\toclineskip=\dimen118
\@lnumwidth=\dimen119
\bibindent=\dimen120
\heisei=\count93
) (/usr/local/texlive/2019/texmf-dist/tex/latex/graphics/graphicx.sty
Package: graphicx 2017/06/01 v1.1a Enhanced LaTeX Graphics (DPC,SPQR)
 (/usr/local/texlive/2019/texmf-dist/tex/latex/graphics/keyval.sty
Package: keyval 2014/10/28 v1.15 key=value parser (DPC)
\KV@toks@=\toks15
) (/usr/local/texlive/2019/texmf-dist/tex/latex/graphics/graphics.sty
Package: graphics 2017/06/25 v1.2c Standard LaTeX Graphics (DPC,SPQR)
 (/usr/local/texlive/2019/texmf-dist/tex/latex/graphics/trig.sty
Package: trig 2016/01/03 v1.10 sin cos tan (DPC)
) (/usr/local/texlive/2019/texmf-dist/tex/latex/graphics-cfg/graphics.cfg
File: graphics.cfg 2016/06/04 v1.11 sample graphics configuration
)
Package graphics Info: Driver file: dvipdfmx.def on input line 99.
 (/usr/local/texlive/2019/texmf-dist/tex/latex/graphics-def/dvipdfmx.def
File: dvipdfmx.def 2017/06/24 v5.0g Graphics/color driver for dvipdfmx
))
\Gin@req@height=\dimen121
\Gin@req@width=\dimen122
) (/usr/local/texlive/2019/texmf-dist/tex/latex/here/here.sty) (/usr/local/texlive/2019/texmf-dist/tex/latex/float/float.sty
Package: float 2001/11/08 v1.3d Float enhancements (AL)
\c@float@type=\count94
\float@exts=\toks16
\float@box=\box43
\@float@everytoks=\toks17
\@floatcapt=\box44
)
No file a.aux.
\openout1 = `a.aux'.

LaTeX Font Info:    Checking defaults for OML/cmm/m/it on input line 7.
LaTeX Font Info:    ... okay on input line 7.
LaTeX Font Info:    Checking defaults for T1/cmr/m/n on input line 7.
LaTeX Font Info:    ... okay on input line 7.
LaTeX Font Info:    Checking defaults for OT1/cmr/m/n on input line 7.
LaTeX Font Info:    ... okay on input line 7.
LaTeX Font Info:    Checking defaults for OMS/cmsy/m/n on input line 7.
LaTeX Font Info:    ... okay on input line 7.
LaTeX Font Info:    Checking defaults for OMX/cmex/m/n on input line 7.
LaTeX Font Info:    ... okay on input line 7.
LaTeX Font Info:    Checking defaults for U/cmr/m/n on input line 7.
LaTeX Font Info:    ... okay on input line 7.
LaTeX Font Info:    Checking defaults for JY1/mc/m/n on input line 7.
LaTeX Font Info:    ... okay on input line 7.
LaTeX Font Info:    Checking defaults for JT1/mc/m/n on input line 7.
LaTeX Font Info:    ... okay on input line 7.
LaTeX Font Info:    External font `cmex10' loaded for size
(Font)              <17.28> on input line 8.
LaTeX Font Info:    External font `cmex10' loaded for size
(Font)              <12> on input line 8.
[1

]
第 1 章
LaTeX Font Info:    Font shape `JT1/mc/bx/n' in size <24.88> not available
(Font)              Font shape `JT1/gt/m/n' tried instead on input line 13.
LaTeX Font Info:    Font shape `JY1/mc/bx/n' in size <24.88> not available
(Font)              Font shape `JY1/gt/m/n' tried instead on input line 13.
LaTeX Font Info:    Font shape `JT1/mc/bx/n' in size <17.28> not available
(Font)              Font shape `JT1/gt/m/n' tried instead on input line 15.
LaTeX Font Info:    Font shape `JY1/mc/bx/n' in size <17.28> not available
(Font)              Font shape `JY1/gt/m/n' tried instead on input line 15.
[1

] [2]
LaTeX Font Info:    External font `cmex10' loaded for size
(Font)              <8> on input line 77.
LaTeX Font Info:    External font `cmex10' loaded for size
(Font)              <6> on input line 77.
File: images/result1.jpg Graphic file (type bmp)
<images/result1.jpg>

Underfull \hbox (badness 1946) in paragraph at lines 95--95
[]\JY1/mc/m/n/12 図 \OT1/cmr/m/n/12 1.1: Deinococ-cus Ra-dio-du-rans \JY1/mc/m/n/12 と
 []

File: images/result2.jpg Graphic file (type bmp)
<images/result2.jpg>

Underfull \hbox (badness 1946) in paragraph at lines 103--103
[]\JY1/mc/m/n/12 図 \OT1/cmr/m/n/12 1.2: Deinococ-cus Ra-dio-du-rans \JY1/mc/m/n/12 と
 []


Overfull \hbox (15.91664pt too wide) in paragraph at lines 90--108
 [][][] 
 []

[3]
File: images/result3.jpg Graphic file (type bmp)
<images/result3.jpg>

Underfull \hbox (badness 1946) in paragraph at lines 118--118
[]\JY1/mc/m/n/12 図 \OT1/cmr/m/n/12 1.3: Deinococ-cus Ra-dio-du-rans \JY1/mc/m/n/12 と
 []

File: images/result4.jpg Graphic file (type bmp)
<images/result4.jpg>

Underfull \hbox (badness 1946) in paragraph at lines 126--126
[]\JY1/mc/m/n/12 図 \OT1/cmr/m/n/12 1.4: Deinococ-cus Ra-dio-du-rans \JY1/mc/m/n/12 と
 []


Overfull \hbox (15.91664pt too wide) in paragraph at lines 113--131
 [][][] 
 []

[4]
LaTeX Font Info:    Try loading font information for OMS+cmr on input line 165.
 (/usr/local/texlive/2019/texmf-dist/tex/latex/base/omscmr.fd
File: omscmr.fd 2014/09/29 v2.5h Standard LaTeX font definitions
)
LaTeX Font Info:    Font shape `OMS/cmr/m/n' in size <12> not available
(Font)              Font shape `OMS/cmsy/m/n' tried instead on input line 165.
 [5] [6] (./a.aux) ) 
Here is how much of TeX's memory you used:
 800 strings out of 493216
 10338 string characters out of 6143982
 78763 words of memory out of 5000000
 4829 multiletter control sequences out of 15000+600000
 15997 words of font info for 62 fonts, out of 8000000 for 9000
 929 hyphenation exceptions out of 8191
 25i,10n,21p,369b,484s stack positions out of 5000i,500n,10000p,200000b,80000s

Output written on a.dvi (7 pages, 17908 bytes).
